# JRE version: OpenJDK Runtime Environment Temurin-18.0.1+10 (18.0.1+10) (build 18.0.1+10)
# Java VM: OpenJDK 64-Bit Server VM Temurin-18.0.1+10 (18.0.1+10, mixed mode, emulated-client, tiered, compressed oops, compressed class ptrs, g1 gc, windows-amd64)
GC Precious Log:
 CardTable entry size: 512
 Card Set container configuration: InlinePtr #cards 4 size 8 Array Of Cards #cards 16 size 48 Howl #buckets 8 coarsen threshold 3686 Howl Bitmap #cards 512 size 80 coarsen threshold 460 Card regions per heap region 1 cards per card region 4096
 CPUs: 8 total, 8 available
 Memory: 16222M
 Large Page Support: Disabled
 NUMA Support: Disabled
 Compressed Oops: Enabled (Zero based)
 Heap Region Size: 2M
 Heap Min Capacity: 8M
 Heap Initial Capacity: 254M
 Heap Max Capacity: 4056M
 Pre-touch: Disabled
 Parallel Workers: 8
 Concurrent Workers: 2
 Concurrent Refinement Workers: 8
 Periodic GC: Disabled
Heap:
 garbage-first heap   total 102400K, used 52777K [0x0000000702800000, 0x0000000800000000)
  region size 2048K, 10 young (20480K), 2 survivors (4096K)
 Metaspace       used 85693K, committed 86464K, reserved 1179648K
  class space    used 10559K, committed 10880K, reserved 1048576K
GC Heap History (20 events):
Event: 2605.163 GC heap before
{Heap before GC invocations=84 (full 12):
 garbage-first heap   total 102400K, used 78187K [0x0000000702800000, 0x0000000800000000)
  region size 2048K, 23 young (47104K), 2 survivors (4096K)
 Metaspace       used 83446K, committed 84160K, reserved 1179648K
  class space    used 10385K, committed 10688K, reserved 1048576K
}
Event: 2605.165 GC heap after
{Heap after GC invocations=85 (full 12):
 garbage-first heap   total 102400K, used 36904K [0x0000000702800000, 0x0000000800000000)
  region size 2048K, 2 young (4096K), 2 survivors (4096K)
 Metaspace       used 83446K, committed 84160K, reserved 1179648K
  class space    used 10385K, committed 10688K, reserved 1048576K
}
Event: 2638.601 GC heap before
{Heap before GC invocations=85 (full 12):
 garbage-first heap   total 102400K, used 49192K [0x0000000702800000, 0x0000000800000000)
  region size 2048K, 9 young (18432K), 2 survivors (4096K)
 Metaspace       used 83449K, committed 84224K, reserved 1179648K
  class space    used 10385K, committed 10688K, reserved 1048576K
}
Event: 2638.632 GC heap after
{Heap after GC invocations=86 (full 13):
 garbage-first heap   total 102400K, used 27837K [0x0000000702800000, 0x0000000800000000)
  region size 2048K, 0 young (0K), 0 survivors (0K)
 Metaspace       used 83446K, committed 84224K, reserved 1179648K
  class space    used 10385K, committed 10688K, reserved 1048576K
}
Event: 2638.961 GC heap before
{Heap before GC invocations=86 (full 13):
 garbage-first heap   total 102400K, used 79037K [0x0000000702800000, 0x0000000800000000)
  region size 2048K, 25 young (51200K), 0 survivors (0K)
 Metaspace       used 83774K, committed 84544K, reserved 1179648K
  class space    used 10416K, committed 10752K, reserved 1048576K
}
Event: 2638.963 GC heap after
{Heap after GC invocations=87 (full 13):
 garbage-first heap   total 102400K, used 32250K [0x0000000702800000, 0x0000000800000000)
  region size 2048K, 3 young (6144K), 3 survivors (6144K)
 Metaspace       used 83774K, committed 84544K, reserved 1179648K
  class space    used 10416K, committed 10752K, reserved 1048576K
}
Event: 2639.199 GC heap before
{Heap before GC invocations=87 (full 13):
 garbage-first heap   total 102400K, used 77306K [0x0000000702800000, 0x0000000800000000)
  region size 2048K, 25 young (51200K), 3 survivors (6144K)
 Metaspace       used 84051K, committed 84800K, reserved 1179648K
  class space    used 10434K, committed 10752K, reserved 1048576K
}
Event: 2639.202 GC heap after
{Heap after GC invocations=88 (full 13):
 garbage-first heap   total 102400K, used 34108K [0x0000000702800000, 0x0000000800000000)
  region size 2048K, 4 young (8192K), 4 survivors (8192K)
 Metaspace       used 84051K, committed 84800K, reserved 1179648K
  class space    used 10434K, committed 10752K, reserved 1048576K
}
Event: 2639.338 GC heap before
{Heap before GC invocations=88 (full 13):
 garbage-first heap   total 102400K, used 77116K [0x0000000702800000, 0x0000000800000000)
  region size 2048K, 25 young (51200K), 4 survivors (8192K)
 Metaspace       used 84314K, committed 85056K, reserved 1179648K
  class space    used 10450K, committed 10752K, reserved 1048576K
}
Event: 2639.340 GC heap after
{Heap after GC invocations=89 (full 13):
 garbage-first heap   total 122880K, used 35405K [0x0000000702800000, 0x0000000800000000)
  region size 2048K, 2 young (4096K), 2 survivors (4096K)
 Metaspace       used 84314K, committed 85056K, reserved 1179648K
  class space    used 10450K, committed 10752K, reserved 1048576K
}
Event: 2668.840 GC heap before
{Heap before GC invocations=89 (full 13):
 garbage-first heap   total 122880K, used 92749K [0x0000000702800000, 0x0000000800000000)
  region size 2048K, 31 young (63488K), 2 survivors (4096K)
 Metaspace       used 84549K, committed 85376K, reserved 1179648K
  class space    used 10470K, committed 10816K, reserved 1048576K
}
Event: 2668.878 GC heap after
{Heap after GC invocations=90 (full 14):
 garbage-first heap   total 102400K, used 28684K [0x0000000702800000, 0x0000000800000000)
  region size 2048K, 0 young (0K), 0 survivors (0K)
 Metaspace       used 84546K, committed 85376K, reserved 1179648K
  class space    used 10469K, committed 10816K, reserved 1048576K
}
Event: 2669.217 GC heap before
{Heap before GC invocations=90 (full 14):
 garbage-first heap   total 102400K, used 79884K [0x0000000702800000, 0x0000000800000000)
  region size 2048K, 25 young (51200K), 0 survivors (0K)
 Metaspace       used 84877K, committed 85696K, reserved 1179648K
  class space    used 10501K, committed 10880K, reserved 1048576K
}
Event: 2669.219 GC heap after
{Heap after GC invocations=91 (full 14):
 garbage-first heap   total 102400K, used 33030K [0x0000000702800000, 0x0000000800000000)
  region size 2048K, 3 young (6144K), 3 survivors (6144K)
 Metaspace       used 84877K, committed 85696K, reserved 1179648K
  class space    used 10501K, committed 10880K, reserved 1048576K
}
Event: 2669.477 GC heap before
{Heap before GC invocations=91 (full 14):
 garbage-first heap   total 102400K, used 80134K [0x0000000702800000, 0x0000000800000000)
  region size 2048K, 26 young (53248K), 3 survivors (6144K)
 Metaspace       used 85158K, committed 85952K, reserved 1179648K
  class space    used 10520K, committed 10880K, reserved 1048576K
}
Event: 2669.479 GC heap after
{Heap after GC invocations=92 (full 14):
 garbage-first heap   total 102400K, used 35126K [0x0000000702800000, 0x0000000800000000)
  region size 2048K, 4 young (8192K), 4 survivors (8192K)
 Metaspace       used 85158K, committed 85952K, reserved 1179648K
  class space    used 10520K, committed 10880K, reserved 1048576K
}
Event: 2669.613 GC heap before
{Heap before GC invocations=92 (full 14):
 garbage-first heap   total 102400K, used 80182K [0x0000000702800000, 0x0000000800000000)
  region size 2048K, 26 young (53248K), 4 survivors (8192K)
 Metaspace       used 85463K, committed 86272K, reserved 1179648K
  class space    used 10540K, committed 10880K, reserved 1048576K
}
Event: 2669.616 GC heap after
{Heap after GC invocations=93 (full 14):
 garbage-first heap   total 102400K, used 36503K [0x0000000702800000, 0x0000000800000000)
  region size 2048K, 3 young (6144K), 3 survivors (6144K)
 Metaspace       used 85463K, committed 86272K, reserved 1179648K
  class space    used 10540K, committed 10880K, reserved 1048576K
}
Event: 2669.782 GC heap before
{Heap before GC invocations=93 (full 14):
 garbage-first heap   total 102400K, used 79511K [0x0000000702800000, 0x0000000800000000)
  region size 2048K, 24 young (49152K), 3 survivors (6144K)
 Metaspace       used 85636K, committed 86400K, reserved 1179648K
  class space    used 10550K, committed 10880K, reserved 1048576K
}
Event: 2669.785 GC heap after
{Heap after GC invocations=94 (full 14):
 garbage-first heap   total 102400K, used 38441K [0x0000000702800000, 0x0000000800000000)
  region size 2048K, 2 young (4096K), 2 survivors (4096K)
 Metaspace       used 85636K, committed 86400K, reserved 1179648K
  class space    used 10550K, committed 10880K, reserved 1048576K
}

